<?xml version="1.0" encoding="UTF-8"?>
<testsuites name="CheckTransactionDetailsTestSuite" time="114.406" tests="1" failures="1" errors="0">
   <testsuite name="CheckTransactionDetailsTestSuite" tests="1" failures="1" errors="0" time="114.406" timestamp="2020-05-13 16:38:11" hostname="Xavier - 192.168.1.68" id="Test Suites/CheckTransactionDetailsTestSuite">
      <properties>
         <property name="deviceName" value=""/>
         <property name="devicePlatform" value=""/>
         <property name="logFolder" value="D:\\Mestrado\\SoftwareQuality\\PeeBuTests\\Reports\\20200513_163806\\CheckTransactionDetailsTestSuite\\20200513_163806"/>
         <property name="logFiles" value="D:\\Mestrado\\SoftwareQuality\\PeeBuTests\\Reports\\20200513_163806\\CheckTransactionDetailsTestSuite\\20200513_163806\\execution0.log"/>
         <property name="attachments" value=""/>
         <property name="hostName" value="Xavier - 192.168.1.68"/>
         <property name="os" value="Windows 10 64bit"/>
         <property name="katalonVersion" value="7.2.1.1"/>
         <property name="browser" value="Firefox 76.0"/>
         <property name="hostAddress" value="192.168.1.68"/>
         <property name="sessionId" value="e64b1c3d-e2d6-4c25-a3e2-a5ccb91df398"/>
         <property name="seleniumVersion" value="3.141.59"/>
         <property name="proxyInformation" value="ProxyInformation{proxyOption=NO_PROXY, proxyServerType=HTTP, password=, proxyServerAddress=, proxyServerPort=0, executionList=}"/>
         <property name="platform" value="Windows 10"/>
      </properties>
      <testcase name="Test Cases/RequestApiTransactionSetup" time="109.987" classname="Test Cases/RequestApiTransactionSetup" status="FAILED">
         <failure type="FAILED" message="Test Cases/RequestApiTransactionSetup FAILED.
Reason:
com.kms.katalon.core.exception.StepFailedException: Feature file 'include/features/CheckTransactionDetails.feature' was failed
	at com.kms.katalon.core.keyword.internal.KeywordMain.stepFailed(KeywordMain.groovy:50)
	at com.kms.katalon.core.keyword.internal.KeywordMain.stepFailed(KeywordMain.groovy)
	at com.kms.katalon.core.keyword.internal.KeywordMain.stepFailed(KeywordMain.groovy:23)
	at com.kms.katalon.core.keyword.internal.KeywordMain$stepFailed$0.call(Unknown Source)
	at com.kms.katalon.core.cucumber.keyword.CucumberBuiltinKeywords$_runFeatureFile_closure1.doCall(CucumberBuiltinKeywords.groovy:82)
	at com.kms.katalon.core.cucumber.keyword.CucumberBuiltinKeywords$_runFeatureFile_closure1.doCall(CucumberBuiltinKeywords.groovy)
	at com.kms.katalon.core.keyword.internal.KeywordMain.runKeyword(KeywordMain.groovy:68)
	at com.kms.katalon.core.keyword.internal.KeywordMain$runKeyword.call(Unknown Source)
	at com.kms.katalon.core.cucumber.keyword.CucumberBuiltinKeywords.runFeatureFile(CucumberBuiltinKeywords.groovy:46)
	at com.kms.katalon.core.cucumber.keyword.CucumberBuiltinKeywords$runFeatureFile$0.callStatic(Unknown Source)
	at com.kms.katalon.core.cucumber.keyword.CucumberBuiltinKeywords.runFeatureFile(CucumberBuiltinKeywords.groovy:169)
	at com.kms.katalon.core.cucumber.keyword.CucumberBuiltinKeywords$runFeatureFile.call(Unknown Source)
	at RequestApiTransactionSetup.run(RequestApiTransactionSetup:18)
	at com.kms.katalon.core.main.ScriptEngine.run(ScriptEngine.java:194)
	at com.kms.katalon.core.main.ScriptEngine.runScriptAsRawText(ScriptEngine.java:119)
	at com.kms.katalon.core.main.TestCaseExecutor.runScript(TestCaseExecutor.java:337)
	at com.kms.katalon.core.main.TestCaseExecutor.doExecute(TestCaseExecutor.java:328)
	at com.kms.katalon.core.main.TestCaseExecutor.processExecutionPhase(TestCaseExecutor.java:307)
	at com.kms.katalon.core.main.TestCaseExecutor.accessMainPhase(TestCaseExecutor.java:299)
	at com.kms.katalon.core.main.TestCaseExecutor.execute(TestCaseExecutor.java:233)
	at com.kms.katalon.core.main.TestSuiteExecutor.accessTestCaseMainPhase(TestSuiteExecutor.java:169)
	at com.kms.katalon.core.main.TestSuiteExecutor.accessTestSuiteMainPhase(TestSuiteExecutor.java:142)
	at com.kms.katalon.core.main.TestSuiteExecutor.execute(TestSuiteExecutor.java:91)
	at com.kms.katalon.core.main.TestCaseMain.startTestSuite(TestCaseMain.java:157)
	at com.kms.katalon.core.main.TestCaseMain$startTestSuite$0.call(Unknown Source)
	at TempTestSuite1589384286776.run(TempTestSuite1589384286776.groovy:36)
"/>
         <system-out><![CDATA[2020-05-13 16:38:14 - [TEST_CASE][FAILED] - Test Cases/RequestApiTransactionSetup: Test Cases/RequestApiTransactionSetup FAILED.
Reason:
com.kms.katalon.core.exception.StepFailedException: Feature file 'include/features/CheckTransactionDetails.feature' was failed
	at com.kms.katalon.core.keyword.internal.KeywordMain.stepFailed(KeywordMain.groovy:50)
	at com.kms.katalon.core.keyword.internal.KeywordMain.stepFailed(KeywordMain.groovy)
	at com.kms.katalon.core.keyword.internal.KeywordMain.stepFailed(KeywordMain.groovy:23)
	at com.kms.katalon.core.keyword.internal.KeywordMain$stepFailed$0.call(Unknown Source)
	at com.kms.katalon.core.cucumber.keyword.CucumberBuiltinKeywords$_runFeatureFile_closure1.doCall(CucumberBuiltinKeywords.groovy:82)
	at com.kms.katalon.core.cucumber.keyword.CucumberBuiltinKeywords$_runFeatureFile_closure1.doCall(CucumberBuiltinKeywords.groovy)
	at com.kms.katalon.core.keyword.internal.KeywordMain.runKeyword(KeywordMain.groovy:68)
	at com.kms.katalon.core.keyword.internal.KeywordMain$runKeyword.call(Unknown Source)
	at com.kms.katalon.core.cucumber.keyword.CucumberBuiltinKeywords.runFeatureFile(CucumberBuiltinKeywords.groovy:46)
	at com.kms.katalon.core.cucumber.keyword.CucumberBuiltinKeywords$runFeatureFile$0.callStatic(Unknown Source)
	at com.kms.katalon.core.cucumber.keyword.CucumberBuiltinKeywords.runFeatureFile(CucumberBuiltinKeywords.groovy:169)
	at com.kms.katalon.core.cucumber.keyword.CucumberBuiltinKeywords$runFeatureFile.call(Unknown Source)
	at RequestApiTransactionSetup.run(RequestApiTransactionSetup:18)
	at com.kms.katalon.core.main.ScriptEngine.run(ScriptEngine.java:194)
	at com.kms.katalon.core.main.ScriptEngine.runScriptAsRawText(ScriptEngine.java:119)
	at com.kms.katalon.core.main.TestCaseExecutor.runScript(TestCaseExecutor.java:337)
	at com.kms.katalon.core.main.TestCaseExecutor.doExecute(TestCaseExecutor.java:328)
	at com.kms.katalon.core.main.TestCaseExecutor.processExecutionPhase(TestCaseExecutor.java:307)
	at com.kms.katalon.core.main.TestCaseExecutor.accessMainPhase(TestCaseExecutor.java:299)
	at com.kms.katalon.core.main.TestCaseExecutor.execute(TestCaseExecutor.java:233)
	at com.kms.katalon.core.main.TestSuiteExecutor.accessTestCaseMainPhase(TestSuiteExecutor.java:169)
	at com.kms.katalon.core.main.TestSuiteExecutor.accessTestSuiteMainPhase(TestSuiteExecutor.java:142)
	at com.kms.katalon.core.main.TestSuiteExecutor.execute(TestSuiteExecutor.java:91)
	at com.kms.katalon.core.main.TestCaseMain.startTestSuite(TestCaseMain.java:157)
	at com.kms.katalon.core.main.TestCaseMain$startTestSuite$0.call(Unknown Source)
	at TempTestSuite1589384286776.run(TempTestSuite1589384286776.groovy:36)


2020-05-13 16:38:14 - [TEST_STEP][FAILED] - runFeatureFile("include/features/CheckTransactionDetails.feature"): Keyword runFeatureFile was failed (Root cause: com.kms.katalon.core.exception.StepFailedException: Feature file 'include/features/CheckTransactionDetails.feature' was failed
	at com.kms.katalon.core.keyword.internal.KeywordMain.stepFailed(KeywordMain.groovy:50)
	at com.kms.katalon.core.keyword.internal.KeywordMain.stepFailed(KeywordMain.groovy)
	at com.kms.katalon.core.keyword.internal.KeywordMain.stepFailed(KeywordMain.groovy:23)
	at com.kms.katalon.core.keyword.internal.KeywordMain$stepFailed$0.call(Unknown Source)
	at com.kms.katalon.core.cucumber.keyword.CucumberBuiltinKeywords$_runFeatureFile_closure1.doCall(CucumberBuiltinKeywords.groovy:82)
	at com.kms.katalon.core.cucumber.keyword.CucumberBuiltinKeywords$_runFeatureFile_closure1.doCall(CucumberBuiltinKeywords.groovy)
	at com.kms.katalon.core.keyword.internal.KeywordMain.runKeyword(KeywordMain.groovy:68)
	at com.kms.katalon.core.keyword.internal.KeywordMain$runKeyword.call(Unknown Source)
	at com.kms.katalon.core.cucumber.keyword.CucumberBuiltinKeywords.runFeatureFile(CucumberBuiltinKeywords.groovy:46)
	at com.kms.katalon.core.cucumber.keyword.CucumberBuiltinKeywords$runFeatureFile$0.callStatic(Unknown Source)
	at com.kms.katalon.core.cucumber.keyword.CucumberBuiltinKeywords.runFeatureFile(CucumberBuiltinKeywords.groovy:169)
	at com.kms.katalon.core.cucumber.keyword.CucumberBuiltinKeywords$runFeatureFile.call(Unknown Source)
	at RequestApiTransactionSetup.run(RequestApiTransactionSetup:18)
	at com.kms.katalon.core.main.ScriptEngine.run(ScriptEngine.java:194)
	at com.kms.katalon.core.main.ScriptEngine.runScriptAsRawText(ScriptEngine.java:119)
	at com.kms.katalon.core.main.TestCaseExecutor.runScript(TestCaseExecutor.java:337)
	at com.kms.katalon.core.main.TestCaseExecutor.doExecute(TestCaseExecutor.java:328)
	at com.kms.katalon.core.main.TestCaseExecutor.processExecutionPhase(TestCaseExecutor.java:307)
	at com.kms.katalon.core.main.TestCaseExecutor.accessMainPhase(TestCaseExecutor.java:299)
	at com.kms.katalon.core.main.TestCaseExecutor.execute(TestCaseExecutor.java:233)
	at com.kms.katalon.core.main.TestSuiteExecutor.accessTestCaseMainPhase(TestSuiteExecutor.java:169)
	at com.kms.katalon.core.main.TestSuiteExecutor.accessTestSuiteMainPhase(TestSuiteExecutor.java:142)
	at com.kms.katalon.core.main.TestSuiteExecutor.execute(TestSuiteExecutor.java:91)
	at com.kms.katalon.core.main.TestCaseMain.startTestSuite(TestCaseMain.java:157)
	at com.kms.katalon.core.main.TestCaseMain$startTestSuite$0.call(Unknown Source)
	at TempTestSuite1589384286776.run(TempTestSuite1589384286776.groovy:36)
)

2020-05-13 16:38:14 - [MESSAGE][INFO] - Starting run keyword runFeatureFile: 'include/features/CheckTransactionDetails.feature' and extract report to folder: 'D:\Mestrado\SoftwareQuality\PeeBuTests\Reports\20200513_163806\CheckTransactionDetailsTestSuite\20200513_163806/cucumber_report/1589384294828'...

2020-05-13 16:38:15 - [TEST_CASE][PASSED] - Start Test Case : SCENARIO I check if the data presented is the data that should be presented: SCENARIO I check if the data presented is the data that should be presented

2020-05-13 16:38:15 - [TEST_STEP][PASSED] - I have the browser open: I have the browser open

2020-05-13 16:38:15 - [MESSAGE][INFO] - Starting 'Firefox' driver

2020-05-13 16:38:15 - [MESSAGE][INFO] - Action delay is set to 0 seconds

2020-05-13 16:38:20 - [MESSAGE][PASSED] - Browser is opened with url: ''

2020-05-13 16:38:20 - [MESSAGE][PASSED] - I have the browser open

2020-05-13 16:38:20 - [TEST_STEP][PASSED] - I navigate to the home page: I navigate to the home page

2020-05-13 16:38:23 - [MESSAGE][PASSED] - Navigate to 'http://52.30.237.186' successfully

2020-05-13 16:38:23 - [MESSAGE][PASSED] - I navigate to the home page

2020-05-13 16:38:23 - [TEST_STEP][PASSED] - The API is operational: The API is operational

2020-05-13 16:38:23 - [MESSAGE][PASSED] - The API is operational

2020-05-13 16:38:23 - [TEST_STEP][PASSED] - I Check if the 'Entidade' match their 'Wintheiser, Kuhn and Turcotte': I Check if the 'Entidade' match their 'Wintheiser, Kuhn and Turcotte'

2020-05-13 16:38:23 - [MESSAGE][WARNING] - Timeout '0' is invalid. Using default page load timeout: '30'

2020-05-13 16:38:25 - [MESSAGE][PASSED] - Object 'Object Repository/Page_PeeBu/th_Entidade' is present

2020-05-13 16:38:25 - [MESSAGE][PASSED] - Actual text and expected text of test object 'Object Repository/Page_PeeBu/td_Wintheiser, Kuhn and Turcotte' are matched.

2020-05-13 16:38:25 - [MESSAGE][PASSED] - I Check if the 'Entidade' match their 'Wintheiser, Kuhn and Turcotte'

2020-05-13 16:38:25 - [TEST_CASE][PASSED] - Start Test Case : SCENARIO I check if the data presented is the data that should be presented: SCENARIO I check if the data presented is the data that should be presented

2020-05-13 16:38:25 - [TEST_STEP][PASSED] - I have the browser open: I have the browser open

2020-05-13 16:38:25 - [MESSAGE][WARNING] - A browser is already opened. Closing browser and opening a new one

2020-05-13 16:38:26 - [MESSAGE][INFO] - Starting 'Firefox' driver

2020-05-13 16:38:31 - [MESSAGE][PASSED] - Browser is opened with url: ''

2020-05-13 16:38:31 - [MESSAGE][PASSED] - I have the browser open

2020-05-13 16:38:31 - [TEST_STEP][PASSED] - I navigate to the home page: I navigate to the home page

2020-05-13 16:38:38 - [MESSAGE][PASSED] - Navigate to 'http://52.30.237.186' successfully

2020-05-13 16:38:38 - [MESSAGE][PASSED] - I navigate to the home page

2020-05-13 16:38:38 - [TEST_STEP][PASSED] - The API is operational: The API is operational

2020-05-13 16:38:38 - [MESSAGE][PASSED] - The API is operational

2020-05-13 16:38:38 - [TEST_STEP][PASSED] - I Check if the 'Tipo' match their 'debit': I Check if the 'Tipo' match their 'debit'

2020-05-13 16:38:38 - [MESSAGE][WARNING] - Timeout '0' is invalid. Using default page load timeout: '30'

2020-05-13 16:38:41 - [MESSAGE][PASSED] - Object 'Object Repository/Page_PeeBu/th_Tipo' is present

2020-05-13 16:38:41 - [MESSAGE][PASSED] - Actual text and expected text of test object 'Object Repository/Page_PeeBu/td_debit' are matched.

2020-05-13 16:38:41 - [MESSAGE][PASSED] - I Check if the 'Tipo' match their 'debit'

2020-05-13 16:38:41 - [TEST_CASE][ERROR] - Start Test Case : SCENARIO I check if the data presented is the data that should be presented: SCENARIO I check if the data presented is the data that should be presented FAILED.
Reason:
java.lang.NullPointerException
	at com.kms.katalon.core.webui.keyword.builtin.VerifyElementTextKeyword.verifyElementText(VerifyElementTextKeyword.groovy:72)
	at com.kms.katalon.core.webui.keyword.builtin.VerifyElementTextKeyword.execute(VerifyElementTextKeyword.groovy:40)
	at com.kms.katalon.core.keyword.internal.KeywordExecutor.executeKeywordForPlatform(KeywordExecutor.groovy:72)
	at com.kms.katalon.core.webui.keyword.WebUiBuiltInKeywords.verifyElementText(WebUiBuiltInKeywords.groovy:3663)
	at com.kms.katalon.core.webui.keyword.WebUiBuiltInKeywords$verifyElementText$2.call(Unknown Source)
	at com.kms.katalon.core.webui.keyword.WebUiBuiltInKeywords$verifyElementText$2.call(Unknown Source)
	at CheckTransactionsStepDef.i_Check_if_the_match_their(CheckTransactionsStepDef.groovy:89)
	at ✽.I Check if the 'Fonte' match their 'debit card'(D:/Mestrado/SoftwareQuality/PeeBuTests/include/features/CheckTransactionDetails.feature:11)


2020-05-13 16:38:41 - [TEST_STEP][PASSED] - I have the browser open: I have the browser open

2020-05-13 16:38:41 - [MESSAGE][WARNING] - A browser is already opened. Closing browser and opening a new one

2020-05-13 16:38:43 - [MESSAGE][INFO] - Starting 'Firefox' driver

2020-05-13 16:38:48 - [MESSAGE][PASSED] - Browser is opened with url: ''

2020-05-13 16:38:48 - [MESSAGE][PASSED] - I have the browser open

2020-05-13 16:38:48 - [TEST_STEP][PASSED] - I navigate to the home page: I navigate to the home page

2020-05-13 16:38:51 - [MESSAGE][PASSED] - Navigate to 'http://52.30.237.186' successfully

2020-05-13 16:38:51 - [MESSAGE][PASSED] - I navigate to the home page

2020-05-13 16:38:51 - [TEST_STEP][PASSED] - The API is operational: The API is operational

2020-05-13 16:38:51 - [MESSAGE][PASSED] - The API is operational

2020-05-13 16:38:51 - [TEST_STEP][ERROR] - I Check if the 'Fonte' match their 'debit card': I Check if the 'Fonte' match their 'debit card' FAILED.
Reason:
java.lang.NullPointerException
	at com.kms.katalon.core.webui.keyword.builtin.VerifyElementTextKeyword.verifyElementText(VerifyElementTextKeyword.groovy:72)
	at com.kms.katalon.core.webui.keyword.builtin.VerifyElementTextKeyword.execute(VerifyElementTextKeyword.groovy:40)
	at com.kms.katalon.core.keyword.internal.KeywordExecutor.executeKeywordForPlatform(KeywordExecutor.groovy:72)
	at com.kms.katalon.core.webui.keyword.WebUiBuiltInKeywords.verifyElementText(WebUiBuiltInKeywords.groovy:3663)
	at com.kms.katalon.core.webui.keyword.WebUiBuiltInKeywords$verifyElementText$2.call(Unknown Source)
	at com.kms.katalon.core.webui.keyword.WebUiBuiltInKeywords$verifyElementText$2.call(Unknown Source)
	at CheckTransactionsStepDef.i_Check_if_the_match_their(CheckTransactionsStepDef.groovy:89)
	at ✽.I Check if the 'Fonte' match their 'debit card'(D:/Mestrado/SoftwareQuality/PeeBuTests/include/features/CheckTransactionDetails.feature:11)


2020-05-13 16:38:51 - [MESSAGE][WARNING] - Timeout '0' is invalid. Using default page load timeout: '30'

2020-05-13 16:38:53 - [MESSAGE][PASSED] - Object 'Object Repository/Page_PeeBu/th_Fonte' is present

2020-05-13 16:38:53 - [MESSAGE][WARNING] - Test object with id 'Object Repository/Page_PeeBu/td_debit card' does not exist

2020-05-13 16:38:53 - [MESSAGE][WARNING] - Test object with id 'Object Repository/' does not exist

2020-05-13 16:38:53 - [MESSAGE][ERROR] - I Check if the 'Fonte' match their 'debit card' FAILED.
Reason:
java.lang.NullPointerException
	at com.kms.katalon.core.webui.keyword.builtin.VerifyElementTextKeyword.verifyElementText(VerifyElementTextKeyword.groovy:72)
	at com.kms.katalon.core.webui.keyword.builtin.VerifyElementTextKeyword.execute(VerifyElementTextKeyword.groovy:40)
	at com.kms.katalon.core.keyword.internal.KeywordExecutor.executeKeywordForPlatform(KeywordExecutor.groovy:72)
	at com.kms.katalon.core.webui.keyword.WebUiBuiltInKeywords.verifyElementText(WebUiBuiltInKeywords.groovy:3663)
	at com.kms.katalon.core.webui.keyword.WebUiBuiltInKeywords$verifyElementText$2.call(Unknown Source)
	at com.kms.katalon.core.webui.keyword.WebUiBuiltInKeywords$verifyElementText$2.call(Unknown Source)
	at CheckTransactionsStepDef.i_Check_if_the_match_their(CheckTransactionsStepDef.groovy:89)
	at ✽.I Check if the 'Fonte' match their 'debit card'(D:/Mestrado/SoftwareQuality/PeeBuTests/include/features/CheckTransactionDetails.feature:11)


2020-05-13 16:38:53 - [TEST_CASE][PASSED] - Start Test Case : SCENARIO I check if the data presented is the data that should be presented: SCENARIO I check if the data presented is the data that should be presented

2020-05-13 16:38:53 - [TEST_STEP][PASSED] - I have the browser open: I have the browser open

2020-05-13 16:38:53 - [MESSAGE][WARNING] - A browser is already opened. Closing browser and opening a new one

2020-05-13 16:38:54 - [MESSAGE][INFO] - Starting 'Firefox' driver

2020-05-13 16:38:59 - [MESSAGE][PASSED] - Browser is opened with url: ''

2020-05-13 16:38:59 - [MESSAGE][PASSED] - I have the browser open

2020-05-13 16:38:59 - [TEST_STEP][PASSED] - I navigate to the home page: I navigate to the home page

2020-05-13 16:39:00 - [MESSAGE][PASSED] - Navigate to 'http://52.30.237.186' successfully

2020-05-13 16:39:00 - [MESSAGE][PASSED] - I navigate to the home page

2020-05-13 16:39:00 - [TEST_STEP][PASSED] - The API is operational: The API is operational

2020-05-13 16:39:00 - [MESSAGE][PASSED] - The API is operational

2020-05-13 16:39:00 - [TEST_STEP][PASSED] - I Check if the Data match their '2019-06-16T210914933Z': I Check if the Data match their '2019-06-16T210914933Z'

2020-05-13 16:39:00 - [MESSAGE][WARNING] - Timeout '0' is invalid. Using default page load timeout: '30'

2020-05-13 16:39:01 - [MESSAGE][PASSED] - Object 'Object Repository/Page_PeeBu/th_Data' is present

2020-05-13 16:39:02 - [MESSAGE][PASSED] - Actual text and expected text of test object 'Object Repository/Page_PeeBu/td_2019-06-16T210914933Z' are matched.

2020-05-13 16:39:02 - [MESSAGE][PASSED] - I Check if the Data match their '2019-06-16T210914933Z'

2020-05-13 16:39:02 - [TEST_CASE][PASSED] - Start Test Case : SCENARIO I check if the data presented is the data that should be presented: SCENARIO I check if the data presented is the data that should be presented

2020-05-13 16:39:02 - [TEST_STEP][PASSED] - I have the browser open: I have the browser open

2020-05-13 16:39:02 - [MESSAGE][WARNING] - A browser is already opened. Closing browser and opening a new one

2020-05-13 16:39:03 - [MESSAGE][INFO] - Starting 'Firefox' driver

2020-05-13 16:39:07 - [MESSAGE][PASSED] - Browser is opened with url: ''

2020-05-13 16:39:07 - [MESSAGE][PASSED] - I have the browser open

2020-05-13 16:39:07 - [TEST_STEP][PASSED] - I navigate to the home page: I navigate to the home page

2020-05-13 16:39:09 - [MESSAGE][PASSED] - Navigate to 'http://52.30.237.186' successfully

2020-05-13 16:39:09 - [MESSAGE][PASSED] - I navigate to the home page

2020-05-13 16:39:09 - [TEST_STEP][PASSED] - The API is operational: The API is operational

2020-05-13 16:39:09 - [MESSAGE][PASSED] - The API is operational

2020-05-13 16:39:09 - [TEST_STEP][PASSED] - I Check if the Quantidade match their '269,10': I Check if the Quantidade match their '269,10'

2020-05-13 16:39:09 - [MESSAGE][WARNING] - Timeout '0' is invalid. Using default page load timeout: '30'

2020-05-13 16:39:10 - [MESSAGE][PASSED] - Object 'Object Repository/Page_PeeBu/th_Quantidade' is present

2020-05-13 16:39:11 - [MESSAGE][PASSED] - Actual text and expected text of test object 'Object Repository/Page_PeeBu/td_269,10' are matched.

2020-05-13 16:39:11 - [MESSAGE][PASSED] - I Check if the Quantidade match their '269,10'

2020-05-13 16:39:11 - [TEST_CASE][PASSED] - Start Test Case : SCENARIO I check if the data presented is the data that should be presented: SCENARIO I check if the data presented is the data that should be presented

2020-05-13 16:39:11 - [TEST_STEP][PASSED] - I have the browser open: I have the browser open

2020-05-13 16:39:11 - [MESSAGE][WARNING] - A browser is already opened. Closing browser and opening a new one

2020-05-13 16:39:12 - [MESSAGE][INFO] - Starting 'Firefox' driver

2020-05-13 16:39:16 - [MESSAGE][PASSED] - Browser is opened with url: ''

2020-05-13 16:39:16 - [MESSAGE][PASSED] - I have the browser open

2020-05-13 16:39:16 - [TEST_STEP][PASSED] - I navigate to the home page: I navigate to the home page

2020-05-13 16:39:18 - [MESSAGE][PASSED] - Navigate to 'http://52.30.237.186' successfully

2020-05-13 16:39:18 - [MESSAGE][PASSED] - I navigate to the home page

2020-05-13 16:39:18 - [TEST_STEP][PASSED] - The API is operational: The API is operational

2020-05-13 16:39:18 - [MESSAGE][PASSED] - The API is operational

2020-05-13 16:39:18 - [TEST_STEP][PASSED] - I Check if the 'Id' match their 1: I Check if the 'Id' match their 1

2020-05-13 16:39:18 - [MESSAGE][WARNING] - Timeout '0' is invalid. Using default page load timeout: '30'

2020-05-13 16:39:19 - [MESSAGE][PASSED] - Object 'Object Repository/Page_PeeBu/th_Id' is present

2020-05-13 16:39:20 - [MESSAGE][PASSED] - Actual text and expected text of test object 'Object Repository/Page_PeeBu/td_1' are matched.

2020-05-13 16:39:20 - [MESSAGE][PASSED] - I Check if the 'Id' match their 1

2020-05-13 16:39:20 - [TEST_CASE][PASSED] - Start Test Case : SCENARIO I See a transaction details: SCENARIO I See a transaction details

2020-05-13 16:39:20 - [TEST_STEP][PASSED] - I have the browser open: I have the browser open

2020-05-13 16:39:20 - [MESSAGE][WARNING] - A browser is already opened. Closing browser and opening a new one

2020-05-13 16:39:21 - [MESSAGE][INFO] - Starting 'Firefox' driver

2020-05-13 16:39:25 - [MESSAGE][PASSED] - Browser is opened with url: ''

2020-05-13 16:39:25 - [MESSAGE][PASSED] - I have the browser open

2020-05-13 16:39:25 - [TEST_STEP][PASSED] - I navigate to the home page: I navigate to the home page

2020-05-13 16:39:27 - [MESSAGE][PASSED] - Navigate to 'http://52.30.237.186' successfully

2020-05-13 16:39:27 - [MESSAGE][PASSED] - I navigate to the home page

2020-05-13 16:39:27 - [TEST_STEP][PASSED] - The API is operational: The API is operational

2020-05-13 16:39:27 - [MESSAGE][PASSED] - The API is operational

2020-05-13 16:39:27 - [TEST_STEP][PASSED] - I see that the 'Entidade' details are shown: I see that the 'Entidade' details are shown

2020-05-13 16:39:27 - [MESSAGE][WARNING] - Timeout '0' is invalid. Using default page load timeout: '30'

2020-05-13 16:39:28 - [MESSAGE][PASSED] - Object 'Object Repository/Page_PeeBu/th_Entidade' is present

2020-05-13 16:39:28 - [MESSAGE][PASSED] - I see that the 'Entidade' details are shown

2020-05-13 16:39:28 - [TEST_CASE][PASSED] - Start Test Case : SCENARIO I See a transaction details: SCENARIO I See a transaction details

2020-05-13 16:39:28 - [TEST_STEP][PASSED] - I have the browser open: I have the browser open

2020-05-13 16:39:28 - [MESSAGE][WARNING] - A browser is already opened. Closing browser and opening a new one

2020-05-13 16:39:29 - [MESSAGE][INFO] - Starting 'Firefox' driver

2020-05-13 16:39:33 - [MESSAGE][PASSED] - Browser is opened with url: ''

2020-05-13 16:39:33 - [MESSAGE][PASSED] - I have the browser open

2020-05-13 16:39:33 - [TEST_STEP][PASSED] - I navigate to the home page: I navigate to the home page

2020-05-13 16:39:35 - [MESSAGE][PASSED] - Navigate to 'http://52.30.237.186' successfully

2020-05-13 16:39:35 - [MESSAGE][PASSED] - I navigate to the home page

2020-05-13 16:39:35 - [TEST_STEP][PASSED] - The API is operational: The API is operational

2020-05-13 16:39:35 - [MESSAGE][PASSED] - The API is operational

2020-05-13 16:39:35 - [TEST_STEP][PASSED] - I see that the 'Tipo' details are shown: I see that the 'Tipo' details are shown

2020-05-13 16:39:35 - [MESSAGE][WARNING] - Timeout '0' is invalid. Using default page load timeout: '30'

2020-05-13 16:39:37 - [MESSAGE][PASSED] - Object 'Object Repository/Page_PeeBu/th_Tipo' is present

2020-05-13 16:39:37 - [MESSAGE][PASSED] - I see that the 'Tipo' details are shown

2020-05-13 16:39:37 - [TEST_CASE][PASSED] - Start Test Case : SCENARIO I See a transaction details: SCENARIO I See a transaction details

2020-05-13 16:39:37 - [TEST_STEP][PASSED] - I have the browser open: I have the browser open

2020-05-13 16:39:37 - [MESSAGE][WARNING] - A browser is already opened. Closing browser and opening a new one

2020-05-13 16:39:38 - [MESSAGE][INFO] - Starting 'Firefox' driver

2020-05-13 16:39:42 - [MESSAGE][PASSED] - Browser is opened with url: ''

2020-05-13 16:39:42 - [MESSAGE][PASSED] - I have the browser open

2020-05-13 16:39:42 - [TEST_STEP][PASSED] - I navigate to the home page: I navigate to the home page

2020-05-13 16:39:44 - [MESSAGE][PASSED] - Navigate to 'http://52.30.237.186' successfully

2020-05-13 16:39:44 - [MESSAGE][PASSED] - I navigate to the home page

2020-05-13 16:39:44 - [TEST_STEP][PASSED] - The API is operational: The API is operational

2020-05-13 16:39:44 - [MESSAGE][PASSED] - The API is operational

2020-05-13 16:39:44 - [TEST_STEP][PASSED] - I see that the 'Fonte' details are shown: I see that the 'Fonte' details are shown

2020-05-13 16:39:44 - [MESSAGE][WARNING] - Timeout '0' is invalid. Using default page load timeout: '30'

2020-05-13 16:39:45 - [MESSAGE][PASSED] - Object 'Object Repository/Page_PeeBu/th_Fonte' is present

2020-05-13 16:39:45 - [MESSAGE][PASSED] - I see that the 'Fonte' details are shown

2020-05-13 16:39:45 - [TEST_CASE][PASSED] - Start Test Case : SCENARIO I See a transaction details: SCENARIO I See a transaction details

2020-05-13 16:39:45 - [TEST_STEP][PASSED] - I have the browser open: I have the browser open

2020-05-13 16:39:45 - [MESSAGE][WARNING] - A browser is already opened. Closing browser and opening a new one

2020-05-13 16:39:47 - [MESSAGE][INFO] - Starting 'Firefox' driver

2020-05-13 16:39:51 - [MESSAGE][PASSED] - Browser is opened with url: ''

2020-05-13 16:39:51 - [MESSAGE][PASSED] - I have the browser open

2020-05-13 16:39:51 - [TEST_STEP][PASSED] - I navigate to the home page: I navigate to the home page

2020-05-13 16:39:53 - [MESSAGE][PASSED] - Navigate to 'http://52.30.237.186' successfully

2020-05-13 16:39:53 - [MESSAGE][PASSED] - I navigate to the home page

2020-05-13 16:39:53 - [TEST_STEP][PASSED] - The API is operational: The API is operational

2020-05-13 16:39:53 - [MESSAGE][PASSED] - The API is operational

2020-05-13 16:39:53 - [TEST_STEP][PASSED] - I see that the 'Data' details are shown: I see that the 'Data' details are shown

2020-05-13 16:39:53 - [MESSAGE][WARNING] - Timeout '0' is invalid. Using default page load timeout: '30'

2020-05-13 16:39:54 - [MESSAGE][PASSED] - Object 'Object Repository/Page_PeeBu/th_Data' is present

2020-05-13 16:39:54 - [MESSAGE][PASSED] - I see that the 'Data' details are shown

2020-05-13 16:39:54 - [TEST_CASE][PASSED] - Start Test Case : SCENARIO I See a transaction details: SCENARIO I See a transaction details

2020-05-13 16:39:54 - [TEST_STEP][PASSED] - I have the browser open: I have the browser open

2020-05-13 16:39:54 - [MESSAGE][WARNING] - A browser is already opened. Closing browser and opening a new one

2020-05-13 16:39:56 - [MESSAGE][INFO] - Starting 'Firefox' driver

2020-05-13 16:40:00 - [MESSAGE][PASSED] - Browser is opened with url: ''

2020-05-13 16:40:00 - [MESSAGE][PASSED] - I have the browser open

2020-05-13 16:40:00 - [TEST_STEP][PASSED] - I navigate to the home page: I navigate to the home page

2020-05-13 16:40:03 - [MESSAGE][PASSED] - Navigate to 'http://52.30.237.186' successfully

2020-05-13 16:40:03 - [MESSAGE][PASSED] - I navigate to the home page

2020-05-13 16:40:03 - [TEST_STEP][PASSED] - The API is operational: The API is operational

2020-05-13 16:40:03 - [MESSAGE][PASSED] - The API is operational

2020-05-13 16:40:03 - [TEST_STEP][PASSED] - I see that the 'Quantidade' details are shown: I see that the 'Quantidade' details are shown

2020-05-13 16:40:03 - [MESSAGE][WARNING] - Timeout '0' is invalid. Using default page load timeout: '30'

2020-05-13 16:40:04 - [MESSAGE][PASSED] - Object 'Object Repository/Page_PeeBu/th_Quantidade' is present

2020-05-13 16:40:04 - [MESSAGE][PASSED] - I see that the 'Quantidade' details are shown

2020-05-13 16:40:04 - [MESSAGE][FAILED] - Feature file 'include/features/CheckTransactionDetails.feature' was failed

2020-05-13 16:40:04 - [MESSAGE][FAILED] - Keyword runFeatureFile was failed (Root cause: com.kms.katalon.core.exception.StepFailedException: Feature file 'include/features/CheckTransactionDetails.feature' was failed
	at com.kms.katalon.core.keyword.internal.KeywordMain.stepFailed(KeywordMain.groovy:50)
	at com.kms.katalon.core.keyword.internal.KeywordMain.stepFailed(KeywordMain.groovy)
	at com.kms.katalon.core.keyword.internal.KeywordMain.stepFailed(KeywordMain.groovy:23)
	at com.kms.katalon.core.keyword.internal.KeywordMain$stepFailed$0.call(Unknown Source)
	at com.kms.katalon.core.cucumber.keyword.CucumberBuiltinKeywords$_runFeatureFile_closure1.doCall(CucumberBuiltinKeywords.groovy:82)
	at com.kms.katalon.core.cucumber.keyword.CucumberBuiltinKeywords$_runFeatureFile_closure1.doCall(CucumberBuiltinKeywords.groovy)
	at com.kms.katalon.core.keyword.internal.KeywordMain.runKeyword(KeywordMain.groovy:68)
	at com.kms.katalon.core.keyword.internal.KeywordMain$runKeyword.call(Unknown Source)
	at com.kms.katalon.core.cucumber.keyword.CucumberBuiltinKeywords.runFeatureFile(CucumberBuiltinKeywords.groovy:46)
	at com.kms.katalon.core.cucumber.keyword.CucumberBuiltinKeywords$runFeatureFile$0.callStatic(Unknown Source)
	at com.kms.katalon.core.cucumber.keyword.CucumberBuiltinKeywords.runFeatureFile(CucumberBuiltinKeywords.groovy:169)
	at com.kms.katalon.core.cucumber.keyword.CucumberBuiltinKeywords$runFeatureFile.call(Unknown Source)
	at RequestApiTransactionSetup.run(RequestApiTransactionSetup:18)
	at com.kms.katalon.core.main.ScriptEngine.run(ScriptEngine.java:194)
	at com.kms.katalon.core.main.ScriptEngine.runScriptAsRawText(ScriptEngine.java:119)
	at com.kms.katalon.core.main.TestCaseExecutor.runScript(TestCaseExecutor.java:337)
	at com.kms.katalon.core.main.TestCaseExecutor.doExecute(TestCaseExecutor.java:328)
	at com.kms.katalon.core.main.TestCaseExecutor.processExecutionPhase(TestCaseExecutor.java:307)
	at com.kms.katalon.core.main.TestCaseExecutor.accessMainPhase(TestCaseExecutor.java:299)
	at com.kms.katalon.core.main.TestCaseExecutor.execute(TestCaseExecutor.java:233)
	at com.kms.katalon.core.main.TestSuiteExecutor.accessTestCaseMainPhase(TestSuiteExecutor.java:169)
	at com.kms.katalon.core.main.TestSuiteExecutor.accessTestSuiteMainPhase(TestSuiteExecutor.java:142)
	at com.kms.katalon.core.main.TestSuiteExecutor.execute(TestSuiteExecutor.java:91)
	at com.kms.katalon.core.main.TestCaseMain.startTestSuite(TestCaseMain.java:157)
	at com.kms.katalon.core.main.TestCaseMain$startTestSuite$0.call(Unknown Source)
	at TempTestSuite1589384286776.run(TempTestSuite1589384286776.groovy:36)
)]]></system-out>
         <system-err><![CDATA[2020-05-13 16:38:14 - [TEST_CASE][FAILED] - Test Cases/RequestApiTransactionSetup: Test Cases/RequestApiTransactionSetup FAILED.
Reason:
com.kms.katalon.core.exception.StepFailedException: Feature file 'include/features/CheckTransactionDetails.feature' was failed
	at com.kms.katalon.core.keyword.internal.KeywordMain.stepFailed(KeywordMain.groovy:50)
	at com.kms.katalon.core.keyword.internal.KeywordMain.stepFailed(KeywordMain.groovy)
	at com.kms.katalon.core.keyword.internal.KeywordMain.stepFailed(KeywordMain.groovy:23)
	at com.kms.katalon.core.keyword.internal.KeywordMain$stepFailed$0.call(Unknown Source)
	at com.kms.katalon.core.cucumber.keyword.CucumberBuiltinKeywords$_runFeatureFile_closure1.doCall(CucumberBuiltinKeywords.groovy:82)
	at com.kms.katalon.core.cucumber.keyword.CucumberBuiltinKeywords$_runFeatureFile_closure1.doCall(CucumberBuiltinKeywords.groovy)
	at com.kms.katalon.core.keyword.internal.KeywordMain.runKeyword(KeywordMain.groovy:68)
	at com.kms.katalon.core.keyword.internal.KeywordMain$runKeyword.call(Unknown Source)
	at com.kms.katalon.core.cucumber.keyword.CucumberBuiltinKeywords.runFeatureFile(CucumberBuiltinKeywords.groovy:46)
	at com.kms.katalon.core.cucumber.keyword.CucumberBuiltinKeywords$runFeatureFile$0.callStatic(Unknown Source)
	at com.kms.katalon.core.cucumber.keyword.CucumberBuiltinKeywords.runFeatureFile(CucumberBuiltinKeywords.groovy:169)
	at com.kms.katalon.core.cucumber.keyword.CucumberBuiltinKeywords$runFeatureFile.call(Unknown Source)
	at RequestApiTransactionSetup.run(RequestApiTransactionSetup:18)
	at com.kms.katalon.core.main.ScriptEngine.run(ScriptEngine.java:194)
	at com.kms.katalon.core.main.ScriptEngine.runScriptAsRawText(ScriptEngine.java:119)
	at com.kms.katalon.core.main.TestCaseExecutor.runScript(TestCaseExecutor.java:337)
	at com.kms.katalon.core.main.TestCaseExecutor.doExecute(TestCaseExecutor.java:328)
	at com.kms.katalon.core.main.TestCaseExecutor.processExecutionPhase(TestCaseExecutor.java:307)
	at com.kms.katalon.core.main.TestCaseExecutor.accessMainPhase(TestCaseExecutor.java:299)
	at com.kms.katalon.core.main.TestCaseExecutor.execute(TestCaseExecutor.java:233)
	at com.kms.katalon.core.main.TestSuiteExecutor.accessTestCaseMainPhase(TestSuiteExecutor.java:169)
	at com.kms.katalon.core.main.TestSuiteExecutor.accessTestSuiteMainPhase(TestSuiteExecutor.java:142)
	at com.kms.katalon.core.main.TestSuiteExecutor.execute(TestSuiteExecutor.java:91)
	at com.kms.katalon.core.main.TestCaseMain.startTestSuite(TestCaseMain.java:157)
	at com.kms.katalon.core.main.TestCaseMain$startTestSuite$0.call(Unknown Source)
	at TempTestSuite1589384286776.run(TempTestSuite1589384286776.groovy:36)]]></system-err>
      </testcase>
      <system-out><![CDATA[2020-05-13 16:38:11 - [TEST_SUITE][FAILED] - CheckTransactionDetailsTestSuite: Test Cases/RequestApiTransactionSetup FAILED.
Reason:
com.kms.katalon.core.exception.StepFailedException: Feature file 'include/features/CheckTransactionDetails.feature' was failed
	at com.kms.katalon.core.keyword.internal.KeywordMain.stepFailed(KeywordMain.groovy:50)
	at com.kms.katalon.core.keyword.internal.KeywordMain.stepFailed(KeywordMain.groovy)
	at com.kms.katalon.core.keyword.internal.KeywordMain.stepFailed(KeywordMain.groovy:23)
	at com.kms.katalon.core.keyword.internal.KeywordMain$stepFailed$0.call(Unknown Source)
	at com.kms.katalon.core.cucumber.keyword.CucumberBuiltinKeywords$_runFeatureFile_closure1.doCall(CucumberBuiltinKeywords.groovy:82)
	at com.kms.katalon.core.cucumber.keyword.CucumberBuiltinKeywords$_runFeatureFile_closure1.doCall(CucumberBuiltinKeywords.groovy)
	at com.kms.katalon.core.keyword.internal.KeywordMain.runKeyword(KeywordMain.groovy:68)
	at com.kms.katalon.core.keyword.internal.KeywordMain$runKeyword.call(Unknown Source)
	at com.kms.katalon.core.cucumber.keyword.CucumberBuiltinKeywords.runFeatureFile(CucumberBuiltinKeywords.groovy:46)
	at com.kms.katalon.core.cucumber.keyword.CucumberBuiltinKeywords$runFeatureFile$0.callStatic(Unknown Source)
	at com.kms.katalon.core.cucumber.keyword.CucumberBuiltinKeywords.runFeatureFile(CucumberBuiltinKeywords.groovy:169)
	at com.kms.katalon.core.cucumber.keyword.CucumberBuiltinKeywords$runFeatureFile.call(Unknown Source)
	at RequestApiTransactionSetup.run(RequestApiTransactionSetup:18)
	at com.kms.katalon.core.main.ScriptEngine.run(ScriptEngine.java:194)
	at com.kms.katalon.core.main.ScriptEngine.runScriptAsRawText(ScriptEngine.java:119)
	at com.kms.katalon.core.main.TestCaseExecutor.runScript(TestCaseExecutor.java:337)
	at com.kms.katalon.core.main.TestCaseExecutor.doExecute(TestCaseExecutor.java:328)
	at com.kms.katalon.core.main.TestCaseExecutor.processExecutionPhase(TestCaseExecutor.java:307)
	at com.kms.katalon.core.main.TestCaseExecutor.accessMainPhase(TestCaseExecutor.java:299)
	at com.kms.katalon.core.main.TestCaseExecutor.execute(TestCaseExecutor.java:233)
	at com.kms.katalon.core.main.TestSuiteExecutor.accessTestCaseMainPhase(TestSuiteExecutor.java:169)
	at com.kms.katalon.core.main.TestSuiteExecutor.accessTestSuiteMainPhase(TestSuiteExecutor.java:142)
	at com.kms.katalon.core.main.TestSuiteExecutor.execute(TestSuiteExecutor.java:91)
	at com.kms.katalon.core.main.TestCaseMain.startTestSuite(TestCaseMain.java:157)
	at com.kms.katalon.core.main.TestCaseMain$startTestSuite$0.call(Unknown Source)
	at TempTestSuite1589384286776.run(TempTestSuite1589384286776.groovy:36)]]></system-out>
      <system-err><![CDATA[2020-05-13 16:38:11 - [TEST_SUITE][FAILED] - CheckTransactionDetailsTestSuite: Test Cases/RequestApiTransactionSetup FAILED.
Reason:
com.kms.katalon.core.exception.StepFailedException: Feature file 'include/features/CheckTransactionDetails.feature' was failed
	at com.kms.katalon.core.keyword.internal.KeywordMain.stepFailed(KeywordMain.groovy:50)
	at com.kms.katalon.core.keyword.internal.KeywordMain.stepFailed(KeywordMain.groovy)
	at com.kms.katalon.core.keyword.internal.KeywordMain.stepFailed(KeywordMain.groovy:23)
	at com.kms.katalon.core.keyword.internal.KeywordMain$stepFailed$0.call(Unknown Source)
	at com.kms.katalon.core.cucumber.keyword.CucumberBuiltinKeywords$_runFeatureFile_closure1.doCall(CucumberBuiltinKeywords.groovy:82)
	at com.kms.katalon.core.cucumber.keyword.CucumberBuiltinKeywords$_runFeatureFile_closure1.doCall(CucumberBuiltinKeywords.groovy)
	at com.kms.katalon.core.keyword.internal.KeywordMain.runKeyword(KeywordMain.groovy:68)
	at com.kms.katalon.core.keyword.internal.KeywordMain$runKeyword.call(Unknown Source)
	at com.kms.katalon.core.cucumber.keyword.CucumberBuiltinKeywords.runFeatureFile(CucumberBuiltinKeywords.groovy:46)
	at com.kms.katalon.core.cucumber.keyword.CucumberBuiltinKeywords$runFeatureFile$0.callStatic(Unknown Source)
	at com.kms.katalon.core.cucumber.keyword.CucumberBuiltinKeywords.runFeatureFile(CucumberBuiltinKeywords.groovy:169)
	at com.kms.katalon.core.cucumber.keyword.CucumberBuiltinKeywords$runFeatureFile.call(Unknown Source)
	at RequestApiTransactionSetup.run(RequestApiTransactionSetup:18)
	at com.kms.katalon.core.main.ScriptEngine.run(ScriptEngine.java:194)
	at com.kms.katalon.core.main.ScriptEngine.runScriptAsRawText(ScriptEngine.java:119)
	at com.kms.katalon.core.main.TestCaseExecutor.runScript(TestCaseExecutor.java:337)
	at com.kms.katalon.core.main.TestCaseExecutor.doExecute(TestCaseExecutor.java:328)
	at com.kms.katalon.core.main.TestCaseExecutor.processExecutionPhase(TestCaseExecutor.java:307)
	at com.kms.katalon.core.main.TestCaseExecutor.accessMainPhase(TestCaseExecutor.java:299)
	at com.kms.katalon.core.main.TestCaseExecutor.execute(TestCaseExecutor.java:233)
	at com.kms.katalon.core.main.TestSuiteExecutor.accessTestCaseMainPhase(TestSuiteExecutor.java:169)
	at com.kms.katalon.core.main.TestSuiteExecutor.accessTestSuiteMainPhase(TestSuiteExecutor.java:142)
	at com.kms.katalon.core.main.TestSuiteExecutor.execute(TestSuiteExecutor.java:91)
	at com.kms.katalon.core.main.TestCaseMain.startTestSuite(TestCaseMain.java:157)
	at com.kms.katalon.core.main.TestCaseMain$startTestSuite$0.call(Unknown Source)
	at TempTestSuite1589384286776.run(TempTestSuite1589384286776.groovy:36)]]></system-err>
   </testsuite>
</testsuites>
