<?xml version="1.0" encoding="UTF-8" standalone="no"?>
<testsuite failures="1" name="cucumber.runtime.formatter.JUnitFormatter" skipped="0" tests="11" time="97.517244">
<testcase classname="Check transaction details" name="I check if the data presented is the data that should be presented" time="9.296215">
<system-out><![CDATA[Given I have the browser open...............................................passed
When I navigate to the home page............................................passed
And The API is operational..................................................passed
Then I Check if the 'Entidade' match their 'Wintheiser, Kuhn and Turcotte'..passed
]]></system-out>
</testcase>
<testcase classname="Check transaction details" name="I check if the data presented is the data that should be presented 2" time="8.750848">
<system-out><![CDATA[Given I have the browser open...............................................passed
When I navigate to the home page............................................passed
And The API is operational..................................................passed
Then I Check if the 'Tipo' match their 'debit'..............................passed
]]></system-out>
</testcase>
<testcase classname="Check transaction details" name="I check if the data presented is the data that should be presented 3" time="9.589294">
<failure message="com.kms.katalon.core.exception.StepFailedException: Verify element text of test object 'Object Repository/Page_PeeBu/td_debit card' FAILED.&#13;&#10;&#9;at com.kms.katalon.core.webui.keyword.internal.WebUIKeywordMain.stepFailed(WebUIKeywordMain.groovy:64)&#13;&#10;&#9;at com.kms.katalon.core.webui.keyword.internal.WebUIKeywordMain.runKeyword(WebUIKeywordMain.groovy:26)&#13;&#10;&#9;at com.kms.katalon.core.webui.keyword.builtin.VerifyElementTextKeyword.verifyElementText(VerifyElementTextKeyword.groovy:72)&#13;&#10;&#9;at com.kms.katalon.core.webui.keyword.builtin.VerifyElementTextKeyword.execute(VerifyElementTextKeyword.groovy:40)&#13;&#10;&#9;at com.kms.katalon.core.keyword.internal.KeywordExecutor.executeKeywordForPlatform(KeywordExecutor.groovy:72)&#13;&#10;&#9;at com.kms.katalon.core.webui.keyword.WebUiBuiltInKeywords.verifyElementText(WebUiBuiltInKeywords.groovy:3663)&#13;&#10;&#9;at com.kms.katalon.core.webui.keyword.WebUiBuiltInKeywords$verifyElementText$2.call(Unknown Source)&#13;&#10;&#9;at CheckTransactionsStepDef.i_Check_if_the_match_their(CheckTransactionsStepDef.groovy:89)&#13;&#10;&#9;at ✽.I Check if the 'Fonte' match their 'debit card'(D:/Mestrado/SoftwareQuality/PeeBuTests/include/features/CheckTransactionDetails.feature:11)&#13;&#10;Caused by: com.kms.katalon.core.exception.StepFailedException: Actual text 'bank account' and expected text 'debit card' of test object 'Object Repository/Page_PeeBu/td_debit card' are NOT matched.&#13;&#10;&#9;at com.kms.katalon.core.webui.keyword.internal.WebUIKeywordMain.stepFailed(WebUIKeywordMain.groovy:64)&#13;&#10;&#9;at com.kms.katalon.core.webui.keyword.builtin.VerifyElementTextKeyword$_verifyElementText_closure1.doCall(VerifyElementTextKeyword.groovy:57)&#13;&#10;&#9;at com.kms.katalon.core.webui.keyword.builtin.VerifyElementTextKeyword$_verifyElementText_closure1.call(VerifyElementTextKeyword.groovy)&#13;&#10;&#9;at com.kms.katalon.core.webui.keyword.internal.WebUIKeywordMain.runKeyword(WebUIKeywordMain.groovy:20)&#13;&#10;&#9;at com.kms.katalon.core.webui.keyword.builtin.VerifyElementTextKeyword.verifyElementText(VerifyElementTextKeyword.groovy:72)&#13;&#10;&#9;at com.kms.katalon.core.webui.keyword.builtin.VerifyElementTextKeyword.execute(VerifyElementTextKeyword.groovy:40)&#13;&#10;&#9;at com.kms.katalon.core.keyword.internal.KeywordExecutor.executeKeywordForPlatform(KeywordExecutor.groovy:72)&#13;&#10;&#9;at com.kms.katalon.core.webui.keyword.WebUiBuiltInKeywords.verifyElementText(WebUiBuiltInKeywords.groovy:3663)&#13;&#10;&#9;at com.kms.katalon.core.webui.keyword.WebUiBuiltInKeywords$verifyElementText$2.call(Unknown Source)&#13;&#10;&#9;at CheckTransactionsStepDef.i_Check_if_the_match_their(CheckTransactionsStepDef.groovy:89)&#13;&#10;&#9;at cucumber.runtime.Utils$1.call(Utils.java:26)&#13;&#10;&#9;at cucumber.runtime.Timeout.timeout(Timeout.java:16)&#13;&#10;&#9;at cucumber.runtime.Utils.invoke(Utils.java:20)&#13;&#10;&#9;at cucumber.runtime.java.JavaStepDefinition.execute(JavaStepDefinition.java:48)&#13;&#10;&#9;at cucumber.runtime.PickleStepDefinitionMatch.runStep(PickleStepDefinitionMatch.java:50)&#13;&#10;&#9;at cucumber.runner.TestStep.executeStep(TestStep.java:55)&#13;&#10;&#9;at cucumber.runner.TestStep.run(TestStep.java:42)&#13;&#10;&#9;at cucumber.runner.PickleStepTestStep.run(PickleStepTestStep.java:53)&#13;&#10;&#9;at cucumber.runner.TestCase.run(TestCase.java:47)&#13;&#10;&#9;at cucumber.runner.Runner.runPickle(Runner.java:44)&#13;&#10;&#9;at cucumber.runtime.Runtime.runFeature(Runtime.java:120)&#13;&#10;&#9;at cucumber.runtime.Runtime.run(Runtime.java:106)&#13;&#10;&#9;at cucumber.api.cli.Main.run(Main.java:35)&#13;&#10;&#9;at cucumber.api.cli.Main$run.call(Unknown Source)&#13;&#10;&#9;at com.kms.katalon.core.cucumber.keyword.CucumberBuiltinKeywords$_runFeatureFile_closure1.doCall(CucumberBuiltinKeywords.groovy:76)&#13;&#10;&#9;at com.kms.katalon.core.cucumber.keyword.CucumberBuiltinKeywords$_runFeatureFile_closure1.doCall(CucumberBuiltinKeywords.groovy)&#13;&#10;&#9;at com.kms.katalon.core.keyword.internal.KeywordMain.runKeyword(KeywordMain.groovy:68)&#13;&#10;&#9;at com.kms.katalon.core.keyword.internal.KeywordMain$runKeyword.call(Unknown Source)&#13;&#10;&#9;at com.kms.katalon.core.cucumber.keyword.CucumberBuiltinKeywords.runFeatureFile(CucumberBuiltinKeywords.groovy:46)&#13;&#10;&#9;at com.kms.katalon.core.cucumber.keyword.CucumberBuiltinKeywords$runFeatureFile$0.callStatic(Unknown Source)&#13;&#10;&#9;at com.kms.katalon.core.cucumber.keyword.CucumberBuiltinKeywords.runFeatureFile(CucumberBuiltinKeywords.groovy:169)&#13;&#10;&#9;at com.kms.katalon.core.cucumber.keyword.CucumberBuiltinKeywords$runFeatureFile.call(Unknown Source)&#13;&#10;&#9;at RequestApiTransactionSetup.run(RequestApiTransactionSetup:18)&#13;&#10;&#9;at com.kms.katalon.core.main.ScriptEngine.run(ScriptEngine.java:194)&#13;&#10;&#9;at com.kms.katalon.core.main.ScriptEngine.runScriptAsRawText(ScriptEngine.java:119)&#13;&#10;&#9;at com.kms.katalon.core.main.TestCaseExecutor.runScript(TestCaseExecutor.java:337)&#13;&#10;&#9;at com.kms.katalon.core.main.TestCaseExecutor.doExecute(TestCaseExecutor.java:328)&#13;&#10;&#9;at com.kms.katalon.core.main.TestCaseExecutor.processExecutionPhase(TestCaseExecutor.java:307)&#13;&#10;&#9;at com.kms.katalon.core.main.TestCaseExecutor.accessMainPhase(TestCaseExecutor.java:299)&#13;&#10;&#9;at com.kms.katalon.core.main.TestCaseExecutor.execute(TestCaseExecutor.java:233)&#13;&#10;&#9;at com.kms.katalon.core.main.TestSuiteExecutor.accessTestCaseMainPhase(TestSuiteExecutor.java:169)&#13;&#10;&#9;at com.kms.katalon.core.main.TestSuiteExecutor.accessTestSuiteMainPhase(TestSuiteExecutor.java:142)&#13;&#10;&#9;at com.kms.katalon.core.main.TestSuiteExecutor.execute(TestSuiteExecutor.java:91)&#13;&#10;&#9;at com.kms.katalon.core.main.TestCaseMain.startTestSuite(TestCaseMain.java:157)&#13;&#10;&#9;at com.kms.katalon.core.main.TestCaseMain$startTestSuite$0.call(Unknown Source)&#13;&#10;&#9;at TempTestSuite1589383943125.run(TempTestSuite1589383943125.groovy:36)&#13;&#10;"><![CDATA[Given I have the browser open...............................................passed
When I navigate to the home page............................................passed
And The API is operational..................................................passed
Then I Check if the 'Fonte' match their 'debit card'........................failed

StackTrace:
com.kms.katalon.core.exception.StepFailedException: Verify element text of test object 'Object Repository/Page_PeeBu/td_debit card' FAILED.
	at com.kms.katalon.core.webui.keyword.internal.WebUIKeywordMain.stepFailed(WebUIKeywordMain.groovy:64)
	at com.kms.katalon.core.webui.keyword.internal.WebUIKeywordMain.runKeyword(WebUIKeywordMain.groovy:26)
	at com.kms.katalon.core.webui.keyword.builtin.VerifyElementTextKeyword.verifyElementText(VerifyElementTextKeyword.groovy:72)
	at com.kms.katalon.core.webui.keyword.builtin.VerifyElementTextKeyword.execute(VerifyElementTextKeyword.groovy:40)
	at com.kms.katalon.core.keyword.internal.KeywordExecutor.executeKeywordForPlatform(KeywordExecutor.groovy:72)
	at com.kms.katalon.core.webui.keyword.WebUiBuiltInKeywords.verifyElementText(WebUiBuiltInKeywords.groovy:3663)
	at com.kms.katalon.core.webui.keyword.WebUiBuiltInKeywords$verifyElementText$2.call(Unknown Source)
	at CheckTransactionsStepDef.i_Check_if_the_match_their(CheckTransactionsStepDef.groovy:89)
	at ✽.I Check if the 'Fonte' match their 'debit card'(D:/Mestrado/SoftwareQuality/PeeBuTests/include/features/CheckTransactionDetails.feature:11)
Caused by: com.kms.katalon.core.exception.StepFailedException: Actual text 'bank account' and expected text 'debit card' of test object 'Object Repository/Page_PeeBu/td_debit card' are NOT matched.
	at com.kms.katalon.core.webui.keyword.internal.WebUIKeywordMain.stepFailed(WebUIKeywordMain.groovy:64)
	at com.kms.katalon.core.webui.keyword.builtin.VerifyElementTextKeyword$_verifyElementText_closure1.doCall(VerifyElementTextKeyword.groovy:57)
	at com.kms.katalon.core.webui.keyword.builtin.VerifyElementTextKeyword$_verifyElementText_closure1.call(VerifyElementTextKeyword.groovy)
	at com.kms.katalon.core.webui.keyword.internal.WebUIKeywordMain.runKeyword(WebUIKeywordMain.groovy:20)
	at com.kms.katalon.core.webui.keyword.builtin.VerifyElementTextKeyword.verifyElementText(VerifyElementTextKeyword.groovy:72)
	at com.kms.katalon.core.webui.keyword.builtin.VerifyElementTextKeyword.execute(VerifyElementTextKeyword.groovy:40)
	at com.kms.katalon.core.keyword.internal.KeywordExecutor.executeKeywordForPlatform(KeywordExecutor.groovy:72)
	at com.kms.katalon.core.webui.keyword.WebUiBuiltInKeywords.verifyElementText(WebUiBuiltInKeywords.groovy:3663)
	at com.kms.katalon.core.webui.keyword.WebUiBuiltInKeywords$verifyElementText$2.call(Unknown Source)
	at CheckTransactionsStepDef.i_Check_if_the_match_their(CheckTransactionsStepDef.groovy:89)
	at cucumber.runtime.Utils$1.call(Utils.java:26)
	at cucumber.runtime.Timeout.timeout(Timeout.java:16)
	at cucumber.runtime.Utils.invoke(Utils.java:20)
	at cucumber.runtime.java.JavaStepDefinition.execute(JavaStepDefinition.java:48)
	at cucumber.runtime.PickleStepDefinitionMatch.runStep(PickleStepDefinitionMatch.java:50)
	at cucumber.runner.TestStep.executeStep(TestStep.java:55)
	at cucumber.runner.TestStep.run(TestStep.java:42)
	at cucumber.runner.PickleStepTestStep.run(PickleStepTestStep.java:53)
	at cucumber.runner.TestCase.run(TestCase.java:47)
	at cucumber.runner.Runner.runPickle(Runner.java:44)
	at cucumber.runtime.Runtime.runFeature(Runtime.java:120)
	at cucumber.runtime.Runtime.run(Runtime.java:106)
	at cucumber.api.cli.Main.run(Main.java:35)
	at cucumber.api.cli.Main$run.call(Unknown Source)
	at com.kms.katalon.core.cucumber.keyword.CucumberBuiltinKeywords$_runFeatureFile_closure1.doCall(CucumberBuiltinKeywords.groovy:76)
	at com.kms.katalon.core.cucumber.keyword.CucumberBuiltinKeywords$_runFeatureFile_closure1.doCall(CucumberBuiltinKeywords.groovy)
	at com.kms.katalon.core.keyword.internal.KeywordMain.runKeyword(KeywordMain.groovy:68)
	at com.kms.katalon.core.keyword.internal.KeywordMain$runKeyword.call(Unknown Source)
	at com.kms.katalon.core.cucumber.keyword.CucumberBuiltinKeywords.runFeatureFile(CucumberBuiltinKeywords.groovy:46)
	at com.kms.katalon.core.cucumber.keyword.CucumberBuiltinKeywords$runFeatureFile$0.callStatic(Unknown Source)
	at com.kms.katalon.core.cucumber.keyword.CucumberBuiltinKeywords.runFeatureFile(CucumberBuiltinKeywords.groovy:169)
	at com.kms.katalon.core.cucumber.keyword.CucumberBuiltinKeywords$runFeatureFile.call(Unknown Source)
	at RequestApiTransactionSetup.run(RequestApiTransactionSetup:18)
	at com.kms.katalon.core.main.ScriptEngine.run(ScriptEngine.java:194)
	at com.kms.katalon.core.main.ScriptEngine.runScriptAsRawText(ScriptEngine.java:119)
	at com.kms.katalon.core.main.TestCaseExecutor.runScript(TestCaseExecutor.java:337)
	at com.kms.katalon.core.main.TestCaseExecutor.doExecute(TestCaseExecutor.java:328)
	at com.kms.katalon.core.main.TestCaseExecutor.processExecutionPhase(TestCaseExecutor.java:307)
	at com.kms.katalon.core.main.TestCaseExecutor.accessMainPhase(TestCaseExecutor.java:299)
	at com.kms.katalon.core.main.TestCaseExecutor.execute(TestCaseExecutor.java:233)
	at com.kms.katalon.core.main.TestSuiteExecutor.accessTestCaseMainPhase(TestSuiteExecutor.java:169)
	at com.kms.katalon.core.main.TestSuiteExecutor.accessTestSuiteMainPhase(TestSuiteExecutor.java:142)
	at com.kms.katalon.core.main.TestSuiteExecutor.execute(TestSuiteExecutor.java:91)
	at com.kms.katalon.core.main.TestCaseMain.startTestSuite(TestCaseMain.java:157)
	at com.kms.katalon.core.main.TestCaseMain$startTestSuite$0.call(Unknown Source)
	at TempTestSuite1589383943125.run(TempTestSuite1589383943125.groovy:36)
]]></failure>
</testcase>
<testcase classname="Check transaction details" name="I check if the data presented is the data that should be presented 4" time="8.937624">
<system-out><![CDATA[Given I have the browser open...............................................passed
When I navigate to the home page............................................passed
And The API is operational..................................................passed
Then I Check if the Data match their '2019-06-16T210914933Z'................passed
]]></system-out>
</testcase>
<testcase classname="Check transaction details" name="I check if the data presented is the data that should be presented 5" time="8.814544">
<system-out><![CDATA[Given I have the browser open...............................................passed
When I navigate to the home page............................................passed
And The API is operational..................................................passed
Then I Check if the Quantidade match their '269,10'.........................passed
]]></system-out>
</testcase>
<testcase classname="Check transaction details" name="I check if the data presented is the data that should be presented 6" time="8.851693">
<system-out><![CDATA[Given I have the browser open...............................................passed
When I navigate to the home page............................................passed
And The API is operational..................................................passed
Then I Check if the 'Id' match their 1......................................passed
]]></system-out>
</testcase>
<testcase classname="Check transaction details" name="I See a transaction details" time="8.255313">
<system-out><![CDATA[Given I have the browser open...............................................passed
When I navigate to the home page............................................passed
And The API is operational..................................................passed
Then I see that the 'Entidade' details are shown............................passed
]]></system-out>
</testcase>
<testcase classname="Check transaction details" name="I See a transaction details 2" time="9.01643">
<system-out><![CDATA[Given I have the browser open...............................................passed
When I navigate to the home page............................................passed
And The API is operational..................................................passed
Then I see that the 'Tipo' details are shown................................passed
]]></system-out>
</testcase>
<testcase classname="Check transaction details" name="I See a transaction details 3" time="8.604341">
<system-out><![CDATA[Given I have the browser open...............................................passed
When I navigate to the home page............................................passed
And The API is operational..................................................passed
Then I see that the 'Fonte' details are shown...............................passed
]]></system-out>
</testcase>
<testcase classname="Check transaction details" name="I See a transaction details 4" time="8.165974">
<system-out><![CDATA[Given I have the browser open...............................................passed
When I navigate to the home page............................................passed
And The API is operational..................................................passed
Then I see that the 'Data' details are shown................................passed
]]></system-out>
</testcase>
<testcase classname="Check transaction details" name="I See a transaction details 5" time="9.234968">
<system-out><![CDATA[Given I have the browser open...............................................passed
When I navigate to the home page............................................passed
And The API is operational..................................................passed
Then I see that the 'Quantidade' details are shown..........................passed
]]></system-out>
</testcase>
</testsuite>
